[1.734s] DEBUG:colcon:Command line arguments: ['/home/tomek/.local/bin/colcon', 'build']
[1.734s] DEBUG:colcon:Parsed command line arguments: Namespace(log_base=None, log_level=None, verb_name='build', build_base='build', install_base='install', merge_install=False, symlink_install=False, test_result_base=None, continue_on_error=False, executor='parallel', parallel_workers=2, event_handlers=None, ignore_user_meta=False, metas=['./colcon.meta'], base_paths=['.'], packages_ignore=None, packages_ignore_regex=None, paths=None, packages_up_to=None, packages_up_to_regex=None, packages_above=None, packages_above_and_dependencies=None, packages_above_depth=None, packages_select_by_dep=None, packages_skip_by_dep=None, packages_skip_up_to=None, packages_select_build_failed=False, packages_skip_build_finished=False, packages_select_test_failures=False, packages_skip_test_passed=False, packages_select=None, packages_skip=None, packages_select_regex=None, packages_skip_regex=None, packages_start=None, packages_end=None, allow_overriding=[], cmake_args=None, cmake_target=None, cmake_target_skip_unavailable=False, cmake_clean_cache=False, cmake_clean_first=False, cmake_force_configure=False, ament_cmake_args=None, catkin_cmake_args=None, catkin_skip_building_tests=False, verb_parser=<colcon_defaults.argument_parser.defaults.DefaultArgumentsDecorator object at 0x7f6cddb2c0a0>, verb_extension=<colcon_core.verb.build.BuildVerb object at 0x7f6cddfea800>, main=<bound method BuildVerb.main of <colcon_core.verb.build.BuildVerb object at 0x7f6cddfea800>>)
[1.830s] Level 1:colcon.colcon_core.package_discovery:discover_packages(colcon_meta) check parameters
[1.830s] Level 1:colcon.colcon_core.package_discovery:discover_packages(recursive) check parameters
[1.830s] Level 1:colcon.colcon_core.package_discovery:discover_packages(ignore) check parameters
[1.830s] Level 1:colcon.colcon_core.package_discovery:discover_packages(path) check parameters
[1.831s] Level 1:colcon.colcon_core.package_discovery:discover_packages(colcon_meta) discover
[1.831s] Level 1:colcon.colcon_core.package_discovery:discover_packages(recursive) discover
[1.831s] INFO:colcon.colcon_core.package_discovery:Crawling recursively for packages in '/home/tomek/ros2_ws'
[1.831s] Level 1:colcon.colcon_core.package_identification:_identify(.) by extensions ['ignore', 'ignore_ament_install']
[1.831s] Level 1:colcon.colcon_core.package_identification:_identify(.) by extension 'ignore'
[1.831s] Level 1:colcon.colcon_core.package_identification:_identify(.) by extension 'ignore_ament_install'
[1.831s] Level 1:colcon.colcon_core.package_identification:_identify(.) by extensions ['colcon_pkg']
[1.831s] Level 1:colcon.colcon_core.package_identification:_identify(.) by extension 'colcon_pkg'
[1.831s] Level 1:colcon.colcon_core.package_identification:_identify(.) by extensions ['colcon_meta']
[1.831s] Level 1:colcon.colcon_core.package_identification:_identify(.) by extension 'colcon_meta'
[1.831s] Level 1:colcon.colcon_core.package_identification:_identify(.) by extensions ['ros']
[1.831s] Level 1:colcon.colcon_core.package_identification:_identify(.) by extension 'ros'
[1.853s] Level 1:colcon.colcon_core.package_identification:_identify(.) by extensions ['cmake', 'python']
[1.853s] Level 1:colcon.colcon_core.package_identification:_identify(.) by extension 'cmake'
[1.854s] Level 1:colcon.colcon_core.package_identification:_identify(.) by extension 'python'
[1.854s] Level 1:colcon.colcon_core.package_identification:_identify(.) by extensions ['python_setup_py']
[1.854s] Level 1:colcon.colcon_core.package_identification:_identify(.) by extension 'python_setup_py'
[1.854s] Level 1:colcon.colcon_core.package_identification:_identify(build) by extensions ['ignore', 'ignore_ament_install']
[1.854s] Level 1:colcon.colcon_core.package_identification:_identify(build) by extension 'ignore'
[1.854s] Level 1:colcon.colcon_core.package_identification:_identify(build) ignored
[1.854s] Level 1:colcon.colcon_core.package_identification:_identify(install) by extensions ['ignore', 'ignore_ament_install']
[1.854s] Level 1:colcon.colcon_core.package_identification:_identify(install) by extension 'ignore'
[1.854s] Level 1:colcon.colcon_core.package_identification:_identify(install) ignored
[1.855s] Level 1:colcon.colcon_core.package_identification:_identify(log) by extensions ['ignore', 'ignore_ament_install']
[1.855s] Level 1:colcon.colcon_core.package_identification:_identify(log) by extension 'ignore'
[1.855s] Level 1:colcon.colcon_core.package_identification:_identify(log) ignored
[1.855s] Level 1:colcon.colcon_core.package_identification:_identify(src) by extensions ['ignore', 'ignore_ament_install']
[1.855s] Level 1:colcon.colcon_core.package_identification:_identify(src) by extension 'ignore'
[1.855s] Level 1:colcon.colcon_core.package_identification:_identify(src) by extension 'ignore_ament_install'
[1.855s] Level 1:colcon.colcon_core.package_identification:_identify(src) by extensions ['colcon_pkg']
[1.855s] Level 1:colcon.colcon_core.package_identification:_identify(src) by extension 'colcon_pkg'
[1.855s] Level 1:colcon.colcon_core.package_identification:_identify(src) by extensions ['colcon_meta']
[1.855s] Level 1:colcon.colcon_core.package_identification:_identify(src) by extension 'colcon_meta'
[1.855s] Level 1:colcon.colcon_core.package_identification:_identify(src) by extensions ['ros']
[1.855s] Level 1:colcon.colcon_core.package_identification:_identify(src) by extension 'ros'
[1.855s] Level 1:colcon.colcon_core.package_identification:_identify(src) by extensions ['cmake', 'python']
[1.856s] Level 1:colcon.colcon_core.package_identification:_identify(src) by extension 'cmake'
[1.856s] Level 1:colcon.colcon_core.package_identification:_identify(src) by extension 'python'
[1.856s] Level 1:colcon.colcon_core.package_identification:_identify(src) by extensions ['python_setup_py']
[1.856s] Level 1:colcon.colcon_core.package_identification:_identify(src) by extension 'python_setup_py'
[1.856s] Level 1:colcon.colcon_core.package_identification:_identify(src/camera_subscriber) by extensions ['ignore', 'ignore_ament_install']
[1.856s] Level 1:colcon.colcon_core.package_identification:_identify(src/camera_subscriber) by extension 'ignore'
[1.856s] Level 1:colcon.colcon_core.package_identification:_identify(src/camera_subscriber) by extension 'ignore_ament_install'
[1.856s] Level 1:colcon.colcon_core.package_identification:_identify(src/camera_subscriber) by extensions ['colcon_pkg']
[1.856s] Level 1:colcon.colcon_core.package_identification:_identify(src/camera_subscriber) by extension 'colcon_pkg'
[1.856s] Level 1:colcon.colcon_core.package_identification:_identify(src/camera_subscriber) by extensions ['colcon_meta']
[1.856s] Level 1:colcon.colcon_core.package_identification:_identify(src/camera_subscriber) by extension 'colcon_meta'
[1.856s] Level 1:colcon.colcon_core.package_identification:_identify(src/camera_subscriber) by extensions ['ros']
[1.856s] Level 1:colcon.colcon_core.package_identification:_identify(src/camera_subscriber) by extension 'ros'
[1.863s] DEBUG:colcon.colcon_core.package_identification:Package 'src/camera_subscriber' with type 'ros.ament_python' and name 'camera_subscriber'
[1.863s] Level 1:colcon.colcon_core.package_discovery:discover_packages(recursive) using defaults
[1.863s] Level 1:colcon.colcon_core.package_discovery:discover_packages(ignore) discover
[1.863s] Level 1:colcon.colcon_core.package_discovery:discover_packages(ignore) using defaults
[1.863s] Level 1:colcon.colcon_core.package_discovery:discover_packages(path) discover
[1.863s] Level 1:colcon.colcon_core.package_discovery:discover_packages(path) using defaults
[1.998s] Level 1:colcon.colcon_core.package_discovery:discover_packages(prefix_path) check parameters
[1.998s] Level 1:colcon.colcon_core.package_discovery:discover_packages(prefix_path) discover
[2.044s] DEBUG:colcon.colcon_installed_package_information.package_discovery:Found 0 installed packages in /home/tomek/ros2_ws/install
[2.069s] DEBUG:colcon.colcon_installed_package_information.package_discovery:Found 388 installed packages in /opt/ros/humble
[2.071s] Level 1:colcon.colcon_core.package_discovery:discover_packages(prefix_path) using defaults
[2.255s] Level 5:colcon.colcon_core.verb:set package 'camera_subscriber' build argument 'cmake_args' from command line to 'None'
[2.255s] Level 5:colcon.colcon_core.verb:set package 'camera_subscriber' build argument 'cmake_target' from command line to 'None'
[2.255s] Level 5:colcon.colcon_core.verb:set package 'camera_subscriber' build argument 'cmake_target_skip_unavailable' from command line to 'False'
[2.255s] Level 5:colcon.colcon_core.verb:set package 'camera_subscriber' build argument 'cmake_clean_cache' from command line to 'False'
[2.255s] Level 5:colcon.colcon_core.verb:set package 'camera_subscriber' build argument 'cmake_clean_first' from command line to 'False'
[2.255s] Level 5:colcon.colcon_core.verb:set package 'camera_subscriber' build argument 'cmake_force_configure' from command line to 'False'
[2.255s] Level 5:colcon.colcon_core.verb:set package 'camera_subscriber' build argument 'ament_cmake_args' from command line to 'None'
[2.255s] Level 5:colcon.colcon_core.verb:set package 'camera_subscriber' build argument 'catkin_cmake_args' from command line to 'None'
[2.255s] Level 5:colcon.colcon_core.verb:set package 'camera_subscriber' build argument 'catkin_skip_building_tests' from command line to 'False'
[2.255s] DEBUG:colcon.colcon_core.verb:Building package 'camera_subscriber' with the following arguments: {'ament_cmake_args': None, 'build_base': '/home/tomek/ros2_ws/build/camera_subscriber', 'catkin_cmake_args': None, 'catkin_skip_building_tests': False, 'cmake_args': None, 'cmake_clean_cache': False, 'cmake_clean_first': False, 'cmake_force_configure': False, 'cmake_target': None, 'cmake_target_skip_unavailable': False, 'install_base': '/home/tomek/ros2_ws/install/camera_subscriber', 'merge_install': False, 'path': '/home/tomek/ros2_ws/src/camera_subscriber', 'symlink_install': False, 'test_result_base': None}
[2.276s] INFO:colcon.colcon_core.executor:Executing jobs using 'parallel' executor
[2.297s] DEBUG:colcon.colcon_parallel_executor.executor.parallel:run_until_complete
[2.297s] INFO:colcon.colcon_ros.task.ament_python.build:Building ROS package in '/home/tomek/ros2_ws/src/camera_subscriber' with build type 'ament_python'
[2.298s] Level 1:colcon.colcon_core.shell:create_environment_hook('camera_subscriber', 'ament_prefix_path')
[2.331s] INFO:colcon.colcon_core.plugin_system:Skipping extension 'colcon_core.shell.bat': Not used on non-Windows systems
[2.332s] INFO:colcon.colcon_core.shell:Creating environment hook '/home/tomek/ros2_ws/install/camera_subscriber/share/camera_subscriber/hook/ament_prefix_path.ps1'
[2.337s] INFO:colcon.colcon_core.shell:Creating environment descriptor '/home/tomek/ros2_ws/install/camera_subscriber/share/camera_subscriber/hook/ament_prefix_path.dsv'
[2.340s] INFO:colcon.colcon_core.shell:Creating environment hook '/home/tomek/ros2_ws/install/camera_subscriber/share/camera_subscriber/hook/ament_prefix_path.sh'
[2.364s] INFO:colcon.colcon_core.shell:Skip shell extension 'powershell' for command environment: Not usable outside of PowerShell
[2.364s] DEBUG:colcon.colcon_core.shell:Skip shell extension 'dsv' for command environment
[2.819s] INFO:colcon.colcon_core.task.python.build:Building Python package in '/home/tomek/ros2_ws/src/camera_subscriber'
[2.842s] INFO:colcon.colcon_core.shell:Skip shell extension 'powershell' for command environment: Not usable outside of PowerShell
[2.842s] DEBUG:colcon.colcon_core.shell:Skip shell extension 'dsv' for command environment
[3.847s] DEBUG:colcon.colcon_core.event_handler.log_command:Invoking command in '/home/tomek/ros2_ws/src/camera_subscriber': PYTHONPATH=/home/tomek/ros2_ws/build/camera_subscriber/prefix_override:/home/tomek/ros2_ws/install/camera_subscriber/lib/python3.10/site-packages:${PYTHONPATH} /usr/bin/python3 setup.py egg_info --egg-base ../../build/camera_subscriber build --build-base /home/tomek/ros2_ws/build/camera_subscriber/build install --record /home/tomek/ros2_ws/build/camera_subscriber/install.log --single-version-externally-managed
[4.282s] DEBUG:colcon.colcon_core.event_handler.log_command:Invoked command in '/home/tomek/ros2_ws/src/camera_subscriber' returned '0': PYTHONPATH=/home/tomek/ros2_ws/build/camera_subscriber/prefix_override:/home/tomek/ros2_ws/install/camera_subscriber/lib/python3.10/site-packages:${PYTHONPATH} /usr/bin/python3 setup.py egg_info --egg-base ../../build/camera_subscriber build --build-base /home/tomek/ros2_ws/build/camera_subscriber/build install --record /home/tomek/ros2_ws/build/camera_subscriber/install.log --single-version-externally-managed
[4.318s] Level 1:colcon.colcon_core.environment:checking '/home/tomek/ros2_ws/install/camera_subscriber' for CMake module files
[4.319s] Level 1:colcon.colcon_core.environment:checking '/home/tomek/ros2_ws/install/camera_subscriber' for CMake config files
[4.320s] Level 1:colcon.colcon_core.environment:checking '/home/tomek/ros2_ws/install/camera_subscriber/lib'
[4.320s] Level 1:colcon.colcon_core.environment:checking '/home/tomek/ros2_ws/install/camera_subscriber/bin'
[4.320s] Level 1:colcon.colcon_core.environment:checking '/home/tomek/ros2_ws/install/camera_subscriber/lib/pkgconfig/camera_subscriber.pc'
[4.321s] Level 1:colcon.colcon_core.environment:checking '/home/tomek/ros2_ws/install/camera_subscriber/lib/python3.10/site-packages'
[4.321s] Level 1:colcon.colcon_core.shell:create_environment_hook('camera_subscriber', 'pythonpath')
[4.342s] INFO:colcon.colcon_core.shell:Creating environment hook '/home/tomek/ros2_ws/install/camera_subscriber/share/camera_subscriber/hook/pythonpath.ps1'
[4.342s] INFO:colcon.colcon_core.shell:Creating environment descriptor '/home/tomek/ros2_ws/install/camera_subscriber/share/camera_subscriber/hook/pythonpath.dsv'
[4.343s] INFO:colcon.colcon_core.shell:Creating environment hook '/home/tomek/ros2_ws/install/camera_subscriber/share/camera_subscriber/hook/pythonpath.sh'
[4.343s] Level 1:colcon.colcon_core.environment:checking '/home/tomek/ros2_ws/install/camera_subscriber/bin'
[4.343s] Level 1:colcon.colcon_core.environment:create_environment_scripts_only(camera_subscriber)
[4.366s] INFO:colcon.colcon_core.shell:Creating package script '/home/tomek/ros2_ws/install/camera_subscriber/share/camera_subscriber/package.ps1'
[4.368s] INFO:colcon.colcon_core.shell:Creating package descriptor '/home/tomek/ros2_ws/install/camera_subscriber/share/camera_subscriber/package.dsv'
[4.369s] INFO:colcon.colcon_core.shell:Creating package script '/home/tomek/ros2_ws/install/camera_subscriber/share/camera_subscriber/package.sh'
[4.370s] INFO:colcon.colcon_core.shell:Creating package script '/home/tomek/ros2_ws/install/camera_subscriber/share/camera_subscriber/package.bash'
[4.372s] INFO:colcon.colcon_core.shell:Creating package script '/home/tomek/ros2_ws/install/camera_subscriber/share/camera_subscriber/package.zsh'
[4.374s] Level 1:colcon.colcon_core.environment:create_file_with_runtime_dependencies(/home/tomek/ros2_ws/install/camera_subscriber/share/colcon-core/packages/camera_subscriber)
[4.375s] DEBUG:colcon.colcon_parallel_executor.executor.parallel:closing loop
[4.375s] DEBUG:colcon.colcon_parallel_executor.executor.parallel:loop closed
[4.375s] DEBUG:colcon.colcon_parallel_executor.executor.parallel:run_until_complete finished with '0'
[4.375s] DEBUG:colcon.colcon_core.event_reactor:joining thread
[4.421s] INFO:colcon.colcon_core.plugin_system:Skipping extension 'colcon_notification.desktop_notification.terminal_notifier': Not used on non-Darwin systems
[4.421s] INFO:colcon.colcon_core.plugin_system:Skipping extension 'colcon_notification.desktop_notification.win32': Not used on non-Windows systems
[4.421s] INFO:colcon.colcon_notification.desktop_notification:Sending desktop notification using 'notify2'
[4.440s] DEBUG:colcon.colcon_core.event_reactor:joined thread
[4.464s] INFO:colcon.colcon_core.shell:Creating prefix script '/home/tomek/ros2_ws/install/local_setup.ps1'
[4.465s] INFO:colcon.colcon_core.shell:Creating prefix util module '/home/tomek/ros2_ws/install/_local_setup_util_ps1.py'
[4.468s] INFO:colcon.colcon_core.shell:Creating prefix chain script '/home/tomek/ros2_ws/install/setup.ps1'
[4.497s] INFO:colcon.colcon_core.shell:Creating prefix script '/home/tomek/ros2_ws/install/local_setup.sh'
[4.498s] INFO:colcon.colcon_core.shell:Creating prefix util module '/home/tomek/ros2_ws/install/_local_setup_util_sh.py'
[4.499s] INFO:colcon.colcon_core.shell:Creating prefix chain script '/home/tomek/ros2_ws/install/setup.sh'
[4.525s] INFO:colcon.colcon_core.shell:Creating prefix script '/home/tomek/ros2_ws/install/local_setup.bash'
[4.526s] INFO:colcon.colcon_core.shell:Creating prefix chain script '/home/tomek/ros2_ws/install/setup.bash'
[4.553s] INFO:colcon.colcon_core.shell:Creating prefix script '/home/tomek/ros2_ws/install/local_setup.zsh'
[4.554s] INFO:colcon.colcon_core.shell:Creating prefix chain script '/home/tomek/ros2_ws/install/setup.zsh'
